app/build/intermediates/proguard-rules/release/aapt_rules.txt
# view res/layout/design_navigation_item.xml #generated:17
-keep class android.support.design.internal.NavigationMenuItemView { <init>(...); }

# view res/layout/design_navigation_menu.xml #generated:17
-keep class android.support.design.internal.NavigationMenuView { <init>(...); }

# view res/layout/design_text_input_password_icon.xml #generated:18
-keep class android.support.design.widget.CheckableImageButton { <init>(...); }

# view res/layout/design_bottom_sheet_dialog.xml #generated:17
-keep class android.support.design.widget.CoordinatorLayout { <init>(...); }

# view res/layout/activity_remotefiles.xml #generated:105
# view res/layout/activity_remotefiles.xml #generated:119
# view res/layout/activity_remotefiles.xml #generated:132
# view res/layout/activity_remotefiles.xml #generated:65
# view res/layout/activity_remotefiles.xml #generated:77
# view res/layout/activity_remotefiles.xml #generated:91
# view res/layout/activity_sharefiles.xml #generated:55
# view res/layout/activity_sharefiles.xml #generated:65
# view res/layout/activity_sharefiles.xml #generated:76
# view res/layout/activity_sharefiles.xml #generated:88
# view res/layout/activity_users.xml #generated:46
-keep class android.support.design.widget.FloatingActionButton { <init>(...); }

# view res/layout/activity_remotefiles.xml #generated:261
-keep class android.support.design.widget.NavigationView { <init>(...); }

# view res/layout/design_layout_snackbar.xml #generated:18
# view sw600dp-v13/res/layout-sw600dp-v13/design_layout_snackbar.xml #generated:18
-keep class android.support.design.widget.Snackbar$SnackbarLayout { <init>(...); }

# view res/layout/activity_log.xml #generated:2
# view res/layout/activity_remotefiles.xml #generated:2
# view res/layout/activity_users.xml #generated:2
-keep class android.support.v4.widget.DrawerLayout { <init>(...); }

# view res/layout/abc_alert_dialog_material.xml #generated:75
-keep class android.support.v4.widget.NestedScrollView { <init>(...); }

# view res/layout/abc_alert_dialog_button_bar_material.xml #generated:39
-keep class android.support.v4.widget.Space { <init>(...); }

# view res/layout/activity_log.xml #generated:16
# view res/layout/activity_remotefiles.xml #generated:17
# view res/layout/activity_sharefiles.xml #generated:8
-keep class android.support.v4.widget.SwipeRefreshLayout { <init>(...); }

# view res/layout/abc_action_menu_item_layout.xml #generated:17
-keep class android.support.v7.view.menu.ActionMenuItemView { <init>(...); }

# view res/layout/abc_expanded_menu_layout.xml #generated:17
-keep class android.support.v7.view.menu.ExpandedMenuView { <init>(...); }

# view res/layout/abc_list_menu_item_layout.xml #generated:17
# view res/layout/abc_popup_menu_item_layout.xml #generated:17
-keep class android.support.v7.view.menu.ListMenuItemView { <init>(...); }

# view res/layout/abc_screen_toolbar.xml #generated:27
-keep class android.support.v7.widget.ActionBarContainer { <init>(...); }

# view res/layout/abc_action_mode_bar.xml #generated:19
# view res/layout/abc_screen_toolbar.xml #generated:43
-keep class android.support.v7.widget.ActionBarContextView { <init>(...); }

# view res/layout/abc_screen_toolbar.xml #generated:17
-keep class android.support.v7.widget.ActionBarOverlayLayout { <init>(...); }

# view res/layout/abc_action_menu_layout.xml #generated:17
# view res/layout/activity_remotefiles.xml #generated:251
# view res/layout/toolbar_bottom.xml #generated:13
-keep class android.support.v7.widget.ActionMenuView { <init>(...); }

# view res/layout/abc_activity_chooser_view.xml #generated:19
-keep class android.support.v7.widget.ActivityChooserView$InnerLayout { <init>(...); }

# view res/layout/abc_alert_dialog_button_bar_material.xml #generated:18
-keep class android.support.v7.widget.ButtonBarLayout { <init>(...); }

# view res/layout/abc_screen_content_include.xml #generated:19
-keep class android.support.v7.widget.ContentFrameLayout { <init>(...); }

# view res/layout/abc_alert_dialog_material.xml #generated:48
-keep class android.support.v7.widget.DialogTitle { <init>(...); }

# view res/layout/abc_screen_simple_overlay_action_mode.xml #generated:23
-keep class android.support.v7.widget.FitWindowsFrameLayout { <init>(...); }

# view res/layout/abc_dialog_title_material.xml #generated:22
# view res/layout/abc_screen_simple.xml #generated:17
-keep class android.support.v7.widget.FitWindowsLinearLayout { <init>(...); }

# view res/layout/abc_search_view.xml #generated:75
-keep class android.support.v7.widget.SearchView$SearchAutoComplete { <init>(...); }

# view res/layout/abc_screen_toolbar.xml #generated:36
# view res/layout/activity_remotefiles.xml #generated:238
# view res/layout/toolbar.xml #generated:2
# view res/layout/toolbar_bottom.xml #generated:1
# view v21/res/layout-v21/toolbar.xml #generated:2
-keep class android.support.v7.widget.Toolbar { <init>(...); }

# view res/layout/abc_screen_simple.xml #generated:25
# view res/layout/abc_screen_simple_overlay_action_mode.xml #generated:32
-keep class android.support.v7.widget.ViewStubCompat { <init>(...); }

# view res/layout/navigation_drawer_header.xml #generated:10
-keep class de.hdodenhof.circleimageview.CircleImageView { <init>(...); }

# view AndroidManifest.xml #generated:121
-keep class org.simpledrive.activities.Accounts { <init>(...); }

# view AndroidManifest.xml #generated:86
-keep class org.simpledrive.activities.AppSettings { <init>(...); }

# view AndroidManifest.xml #generated:81
-keep class org.simpledrive.activities.Editor { <init>(...); }

# view AndroidManifest.xml #generated:116
-keep class org.simpledrive.activities.EnablePIN { <init>(...); }

# view AndroidManifest.xml #generated:53
-keep class org.simpledrive.activities.FileSelector { <init>(...); }

# view AndroidManifest.xml #generated:76
-keep class org.simpledrive.activities.ImageViewer { <init>(...); }

# view AndroidManifest.xml #generated:57
-keep class org.simpledrive.activities.Login { <init>(...); }

# view AndroidManifest.xml #generated:24
-keep class org.simpledrive.activities.RemoteFiles { <init>(...); }

# view AndroidManifest.xml #generated:96
-keep class org.simpledrive.activities.ServerLog { <init>(...); }

# view AndroidManifest.xml #generated:91
-keep class org.simpledrive.activities.ServerSettings { <init>(...); }

# view AndroidManifest.xml #generated:34
-keep class org.simpledrive.activities.ShareFiles { <init>(...); }

# view AndroidManifest.xml #generated:111
-keep class org.simpledrive.activities.Unlock { <init>(...); }

# view AndroidManifest.xml #generated:106
-keep class org.simpledrive.activities.UserDetails { <init>(...); }

# view AndroidManifest.xml #generated:101
-keep class org.simpledrive.activities.Users { <init>(...); }

# view AndroidManifest.xml #generated:64
-keep class org.simpledrive.authenticator.AuthenticationService { <init>(...); }

# view AndroidManifest.xml #generated:127
-keep class org.simpledrive.helper.AudioService { <init>(...); }

# view res/layout/activity_imageviewer.xml #generated:11
-keep class org.simpledrive.helper.ExtendedViewPager { <init>(...); }