app/build/outputs/mapping/release/seeds.txt
org.simpledrive.R$anim: int abc_fade_in
org.simpledrive.R$anim: int abc_fade_out
org.simpledrive.R$anim: int abc_grow_fade_in_from_bottom
org.simpledrive.R$anim: int abc_popup_enter
org.simpledrive.R$anim: int abc_popup_exit
org.simpledrive.R$anim: int abc_shrink_fade_out_from_bottom
org.simpledrive.R$anim: int abc_slide_in_bottom
org.simpledrive.R$anim: int abc_slide_in_top
org.simpledrive.R$anim: int abc_slide_out_bottom
org.simpledrive.R$anim: int abc_slide_out_top
org.simpledrive.R$anim: int design_appbar_state_list_animator
org.simpledrive.R$anim: int design_bottom_sheet_slide_in
org.simpledrive.R$anim: int design_bottom_sheet_slide_out
org.simpledrive.R$anim: int design_fab_in
org.simpledrive.R$anim: int design_fab_out
org.simpledrive.R$anim: int design_snackbar_in
org.simpledrive.R$anim: int design_snackbar_out
org.simpledrive.R$array: int listLayoutValues
org.simpledrive.R$array: int listLayouts
org.simpledrive.R$array: int themeValues
org.simpledrive.R$array: int themes
org.simpledrive.R$attr: int actionBarDivider
org.simpledrive.R$attr: int actionBarItemBackground
org.simpledrive.R$attr: int actionBarPopupTheme
org.simpledrive.R$attr: int actionBarSize
org.simpledrive.R$attr: int actionBarSplitStyle
org.simpledrive.R$attr: int actionBarStyle
org.simpledrive.R$attr: int actionBarTabBarStyle
org.simpledrive.R$attr: int actionBarTabStyle
org.simpledrive.R$attr: int actionBarTabTextStyle
org.simpledrive.R$attr: int actionBarTheme
org.simpledrive.R$attr: int actionBarWidgetTheme
org.simpledrive.R$attr: int actionButtonStyle
org.simpledrive.R$attr: int actionDropDownStyle
org.simpledrive.R$attr: int actionLayout
org.simpledrive.R$attr: int actionMenuTextAppearance
org.simpledrive.R$attr: int actionMenuTextColor
org.simpledrive.R$attr: int actionModeBackground
org.simpledrive.R$attr: int actionModeCloseButtonStyle
org.simpledrive.R$attr: int actionModeCloseDrawable
org.simpledrive.R$attr: int actionModeCopyDrawable
org.simpledrive.R$attr: int actionModeCutDrawable
org.simpledrive.R$attr: int actionModeFindDrawable
org.simpledrive.R$attr: int actionModePasteDrawable
org.simpledrive.R$attr: int actionModePopupWindowStyle
org.simpledrive.R$attr: int actionModeSelectAllDrawable
org.simpledrive.R$attr: int actionModeShareDrawable
org.simpledrive.R$attr: int actionModeSplitBackground
org.simpledrive.R$attr: int actionModeStyle
org.simpledrive.R$attr: int actionModeWebSearchDrawable
org.simpledrive.R$attr: int actionOverflowButtonStyle
org.simpledrive.R$bool: int abc_action_bar_embed_tabs
org.simpledrive.R$bool: int abc_allow_stacked_button_bar
org.simpledrive.R$bool: int abc_config_actionMenuItemAllCaps
org.simpledrive.R$bool: int abc_config_closeDialogWhenTouchOutside
org.simpledrive.R$bool: int abc_config_showMenuShortcutsWhenKeyboardPresent
...
android.support.v7.widget.LinearLayoutCompat: int HORIZONTAL
android.support.v7.widget.LinearLayoutCompat: int VERTICAL
android.support.v7.widget.LinearLayoutCompat: int SHOW_DIVIDER_NONE
android.support.v7.widget.LinearLayoutCompat: int SHOW_DIVIDER_BEGINNING
android.support.v7.widget.LinearLayoutCompat: int SHOW_DIVIDER_MIDDLE
android.support.v7.widget.LinearLayoutCompat: int SHOW_DIVIDER_END
android.support.v7.widget.LinearLayoutCompat: boolean mBaselineAligned
android.support.v7.widget.LinearLayoutCompat: int mBaselineAlignedChildIndex
android.support.v7.widget.LinearLayoutCompat: int mBaselineChildTop
android.support.v7.widget.LinearLayoutCompat: int mOrientation
android.support.v7.widget.LinearLayoutCompat: int mGravity
android.support.v7.widget.LinearLayoutCompat: int mTotalLength
android.support.v7.widget.LinearLayoutCompat: float mWeightSum
android.support.v7.widget.LinearLayoutCompat: boolean mUseLargestChild
android.support.v7.widget.LinearLayoutCompat: int[] mMaxAscent
android.support.v7.widget.LinearLayoutCompat: int[] mMaxDescent
android.support.v7.widget.LinearLayoutCompat: int VERTICAL_GRAVITY_COUNT
android.support.v7.widget.LinearLayoutCompat: int INDEX_CENTER_VERTICAL
android.support.v7.widget.LinearLayoutCompat: int INDEX_TOP
android.support.v7.widget.LinearLayoutCompat: int INDEX_BOTTOM
android.support.v7.widget.LinearLayoutCompat: int INDEX_FILL
android.support.v7.widget.LinearLayoutCompat: android.graphics.drawable.Drawable mDivider
android.support.v7.widget.LinearLayoutManager
android.support.v7.widget.LinearLayoutManager: LinearLayoutManager(android.content.Context)
android.support.v7.widget.LinearLayoutManager: LinearLayoutManager(android.content.Context,int,boolean)
android.support.v7.widget.LinearLayoutManager: LinearLayoutManager(android.content.Context,android.util.AttributeSet,int,int)
android.support.v7.widget.LinearLayoutManager$SavedState: android.os.Parcelable$Creator CREATOR
android.support.v7.widget.ListViewCompat: void setSelector(android.graphics.drawable.Drawable)
android.support.v7.widget.ListViewCompat: void setSelectorEnabled(boolean)
android.support.v7.widget.MenuPopupWindow$MenuDropDownListView: void setHoverListener(android.support.v7.widget.MenuItemHoverListener)
android.support.v7.widget.RecyclerView: RecyclerView(android.content.Context)
android.support.v7.widget.RecyclerView: RecyclerView(android.content.Context,android.util.AttributeSet)
android.support.v7.widget.RecyclerView: RecyclerView(android.content.Context,android.util.AttributeSet,int)
android.support.v7.widget.RecyclerView: android.support.v7.widget.RecyclerViewAccessibilityDelegate getCompatAccessibilityDelegate()
android.support.v7.widget.RecyclerView: void setAccessibilityDelegateCompat(android.support.v7.widget.RecyclerViewAccessibilityDelegate)
android.support.v7.widget.RecyclerView: void setHasFixedSize(boolean)
android.support.v7.widget.RecyclerView: void setClipToPadding(boolean)
android.support.v7.widget.RecyclerView: void setScrollingTouchSlop(int)
android.support.v7.widget.RecyclerView: void setAdapter(android.support.v7.widget.RecyclerView$Adapter)
android.support.v7.widget.RecyclerView: android.support.v7.widget.RecyclerView$Adapter getAdapter()
android.support.v7.widget.RecyclerView: void setRecyclerListener(android.support.v7.widget.RecyclerView$RecyclerListener)
android.support.v7.widget.RecyclerView: int getBaseline()
android.support.v7.widget.RecyclerView: void setLayoutManager(android.support.v7.widget.RecyclerView$LayoutManager)
android.support.v7.widget.RecyclerView: void setOnFlingListener(android.support.v7.widget.RecyclerView$OnFlingListener)
android.support.v7.widget.RecyclerView$LayoutManager: RecyclerView$LayoutManager()
android.support.v7.widget.RecyclerView$SavedState: android.os.Parcelable$Creator CREATOR