app/build/outputs/mapping/release/mapping.txt
org.simpledrive.activities.Accounts -> org.simpledrive.activities.Accounts:
    org.simpledrive.activities.Accounts e -> n
    java.util.ArrayList items -> o
    org.simpledrive.adapters.UserAdapter newAdapter -> p
    int selectedPos -> q
    android.widget.AbsListView list -> r
    android.support.design.widget.FloatingActionButton fab -> s
    android.view.Menu mContextMenu -> t
    void <init>() -> <init>
    void onCreate(android.os.Bundle) -> onCreate
    void onResume() -> onResume
    void setUpToolbar() -> j
    void setUpList() -> k
    void getAccounts() -> l
    void displayUsers() -> m
    void unselectAll() -> n
    java.lang.String getFirstSelected() -> o
    void remove(java.lang.String) -> a
    org.simpledrive.activities.Accounts access$000(org.simpledrive.activities.Accounts) -> a
    void access$100(org.simpledrive.activities.Accounts) -> b
    android.view.Menu access$202(org.simpledrive.activities.Accounts,android.view.Menu) -> a
    java.lang.String access$300(org.simpledrive.activities.Accounts) -> c
    void access$400(org.simpledrive.activities.Accounts,java.lang.String) -> a
    int access$500(org.simpledrive.activities.Accounts) -> d
    int access$502(org.simpledrive.activities.Accounts,int) -> a
    android.widget.AbsListView access$600() -> i
    android.view.Menu access$200(org.simpledrive.activities.Accounts) -> e
    org.simpledrive.adapters.UserAdapter access$700(org.simpledrive.activities.Accounts) -> f
org.simpledrive.activities.Accounts$1 -> org.simpledrive.activities.Accounts$1:
    org.simpledrive.activities.Accounts this$0 -> a
    void <init>(org.simpledrive.activities.Accounts) -> <init>
    void onClick(android.view.View) -> onClick
org.simpledrive.activities.Accounts$2 -> org.simpledrive.activities.Accounts$2:
    org.simpledrive.activities.Accounts this$0 -> a
    void <init>(org.simpledrive.activities.Accounts) -> <init>
    void onClick(android.view.View) -> onClick
org.simpledrive.activities.Accounts$3 -> org.simpledrive.activities.Accounts$3:
    org.simpledrive.activities.Accounts this$0 -> a
    void <init>(org.simpledrive.activities.Accounts) -> <init>
    boolean onPrepareActionMode(android.view.ActionMode,android.view.Menu) -> onPrepareActionMode
    void onDestroyActionMode(android.view.ActionMode) -> onDestroyActionMode
    boolean onCreateActionMode(android.view.ActionMode,android.view.Menu) -> onCreateActionMode
    boolean onActionItemClicked(android.view.ActionMode,android.view.MenuItem) -> onActionItemClicked
    void onItemCheckedStateChanged(android.view.ActionMode,int,long,boolean) -> onItemCheckedStateChanged
org.simpledrive.activities.Accounts$3$1 -> org.simpledrive.activities.Accounts$3$1:
    android.view.ActionMode val$mode -> a
    org.simpledrive.activities.Accounts$3 this$1 -> b
    void <init>(org.simpledrive.activities.Accounts$3,android.view.ActionMode) -> <init>
    void onClick(android.content.DialogInterface,int) -> onClick
org.simpledrive.activities.Accounts$4 -> org.simpledrive.activities.Accounts$4:
    org.simpledrive.activities.Accounts this$0 -> a
    void <init>(org.simpledrive.activities.Accounts) -> <init>
    void run() -> run
...
android.support.v7.app.WindowDecorActionBar$ActionModeImpl -> android.support.v7.a.t$a:
    android.content.Context mActionModeContext -> b
    android.support.v7.view.menu.MenuBuilder mMenu -> c
    android.support.v7.view.ActionMode$Callback mCallback -> d
    java.lang.ref.WeakReference mCustomView -> e
    android.support.v7.app.WindowDecorActionBar this$0 -> a
    void <init>(android.support.v7.app.WindowDecorActionBar,android.content.Context,android.support.v7.view.ActionMode$Callback) -> <init>
    android.view.MenuInflater getMenuInflater() -> a
    android.view.Menu getMenu() -> b
    void finish() -> c
    void invalidate() -> d
    boolean dispatchOnCreate() -> e
    void setCustomView(android.view.View) -> a
    void setSubtitle(java.lang.CharSequence) -> a
    void setTitle(java.lang.CharSequence) -> b
    void setTitle(int) -> a
    void setSubtitle(int) -> b
    java.lang.CharSequence getTitle() -> f
    java.lang.CharSequence getSubtitle() -> g
    void setTitleOptionalHint(boolean) -> a
    boolean isTitleOptional() -> h
    android.view.View getCustomView() -> i
    boolean onMenuItemSelected(android.support.v7.view.menu.MenuBuilder,android.view.MenuItem) -> a
    void onMenuModeChange(android.support.v7.view.menu.MenuBuilder) -> a
android.support.v7.appcompat.R -> android.support.v7.b.a:
android.support.v7.appcompat.R$attr -> android.support.v7.b.a$a:
    int actionBarDivider -> actionBarDivider
    int actionBarItemBackground -> actionBarItemBackground
    int actionBarPopupTheme -> actionBarPopupTheme
    int actionBarSize -> actionBarSize
    int actionBarSplitStyle -> actionBarSplitStyle
    int actionBarStyle -> actionBarStyle
    int actionBarTabBarStyle -> actionBarTabBarStyle
    int actionBarTabStyle -> actionBarTabStyle
    int actionBarTabTextStyle -> actionBarTabTextStyle
    int actionBarTheme -> actionBarTheme
    int actionBarWidgetTheme -> actionBarWidgetTheme
    int actionButtonStyle -> actionButtonStyle
    int actionDropDownStyle -> actionDropDownStyle
    int actionLayout -> actionLayout
    int actionMenuTextAppearance -> actionMenuTextAppearance
    int actionMenuTextColor -> actionMenuTextColor
    int actionModeBackground -> actionModeBackground
    int actionModeCloseButtonStyle -> actionModeCloseButtonStyle
    int actionModeCloseDrawable -> actionModeCloseDrawable
    int actionModeCopyDrawable -> actionModeCopyDrawable
    int actionModeCutDrawable -> actionModeCutDrawable
    int actionModeFindDrawable -> actionModeFindDrawable
    int actionModePasteDrawable -> actionModePasteDrawable
    int actionModePopupWindowStyle -> actionModePopupWindowStyle
    int actionModeSelectAllDrawable -> actionModeSelectAllDrawable
    int actionModeShareDrawable -> actionModeShareDrawable
android.support.v7.appcompat.R$bool -> android.support.v7.b.a$b:
    int abc_action_bar_embed_tabs -> abc_action_bar_embed_tabs
    int abc_allow_stacked_button_bar -> abc_allow_stacked_button_bar
    int abc_config_actionMenuItemAllCaps -> abc_config_actionMenuItemAllCaps
    int abc_config_closeDialogWhenTouchOutside -> abc_config_closeDialogWhenTouchOutside
    int abc_config_showMenuShortcutsWhenKeyboardPresent -> abc_config_showMenuShortcutsWhenKeyboardPresent