app/build/outputs/mapping/release/usage.txt
org.simpledrive.BuildConfig
org.simpledrive.R
org.simpledrive.R$anim
org.simpledrive.R$array
org.simpledrive.R$attr
org.simpledrive.R$bool
org.simpledrive.R$color
org.simpledrive.R$dimen
org.simpledrive.R$drawable
org.simpledrive.R$id
org.simpledrive.R$integer
org.simpledrive.R$layout
org.simpledrive.R$menu
org.simpledrive.R$mipmap
org.simpledrive.R$string
org.simpledrive.R$style
org.simpledrive.R$styleable
org.simpledrive.R$xml
org.simpledrive.activities.AppSettings:
    private static final int REQUEST_STORAGE
org.simpledrive.authenticator.CustomAuthenticator:
    public static final int MAX_UNLOCK_ATTEMPTS
    public static final int COOLDOWN_ADD
    private static final java.lang.String ACCOUNT_TYPE
    private static final java.lang.String KEY_USER
    private static final java.lang.String KEY_TOKEN
    private static final java.lang.String KEY_SERVER
    private static final java.lang.String KEY_PIN
    private static final java.lang.String KEY_UNLOCK_ATTEMPTS
    private static final java.lang.String KEY_LAST_UNLOCK_ATTEMPT
    private static final java.lang.String KEY_LOCKED
    private static final java.lang.String KEY_ACTIVE
    private static final java.lang.String TRUE
    private static final java.lang.String FALSE
    16:16:public CustomAuthenticator()
org.simpledrive.helper.AudioService:
    public static final java.lang.String PLAY_CHANGED
    public static final java.lang.String CHANGE_PLAY
    public static final java.lang.String STOP
org.simpledrive.helper.DownloadManager:
    private static final int NOTIFICATION_ID
    18:18:public DownloadManager()
org.simpledrive.helper.FileItem:
    63:63:public java.lang.String getLastEdit()
    71:71:public java.lang.String getParent()
    91:91:public java.lang.String getType()
    107:107:public boolean shared()
org.simpledrive.helper.TouchImageView:
    private static final java.lang.String DEBUG
    private static final float SUPER_MIN_MULTIPLIER
    private static final float SUPER_MAX_MULTIPLIER
    98:110:public TouchImageView(android.content.Context,android.util.AttributeSet)
    98:115:public TouchImageView(android.content.Context,android.util.AttributeSet,int)
    444:445:public void setScrollPosition(float,float)
    1277:1280:private void printMatrixInfo()
org.simpledrive.helper.TouchImageView$DoubleTapZoom:
    private static final float ZOOM_TIME
org.simpledrive.helper.UploadManager:
    20:20:public UploadManager()
org.simpledrive.helper.Util:
    17:17:public Util()
    136:139:public static int pxToDp(int)
...
android.support.annotation.AnimRes
android.support.annotation.AnimatorRes
android.support.annotation.AnyRes
android.support.annotation.AnyThread
android.support.annotation.ArrayRes
android.support.annotation.AttrRes
android.support.annotation.BinderThread
android.support.annotation.BoolRes
android.support.annotation.CallSuper
android.support.annotation.CheckResult
android.support.annotation.ColorInt
android.support.annotation.ColorRes
android.support.annotation.DimenRes
android.support.annotation.Dimension
android.support.annotation.Dimension$Unit
android.support.annotation.DrawableRes
android.support.annotation.FloatRange
android.support.annotation.FractionRes
android.support.annotation.IdRes
android.support.annotation.IntDef
android.support.annotation.IntRange
android.support.annotation.IntegerRes
android.support.annotation.InterpolatorRes
android.support.annotation.LayoutRes
android.support.annotation.MainThread
android.support.annotation.MenuRes
android.support.annotation.NonNull
android.support.annotation.Nullable
android.support.annotation.PluralsRes
android.support.annotation.Px
android.support.annotation.RawRes
android.support.annotation.RequiresApi
android.support.annotation.RequiresPermission
android.support.annotation.RequiresPermission$Read
android.support.annotation.RequiresPermission$Write
android.support.annotation.Size
android.support.annotation.StringDef
android.support.annotation.StringRes
android.support.annotation.StyleRes
android.support.annotation.StyleableRes
android.support.annotation.TransitionRes
android.support.annotation.UiThread
android.support.annotation.VisibleForTesting
android.support.annotation.WorkerThread
android.support.annotation.XmlRes
android.support.compat.BuildConfig
android.support.compat.R
android.support.coreui.BuildConfig
android.support.coreui.R
android.support.coreutils.BuildConfig
android.support.coreutils.R
android.support.design.BuildConfig
android.support.design.R:
    9:9:public R()
android.support.design.R$anim:
    10:10:public R$anim()
android.support.design.R$attr:
    29:29:public R$attr()
android.support.design.R$bool
android.support.design.R$color:
    349:349:public R$color()
android.support.design.R$dimen:
    441:441:public R$dimen()
android.support.design.R$drawable:
    561:561:public R$drawable()
android.support.design.R$id:
    651:651:public R$id()
android.support.design.R$integer:
    785:785:public R$integer()
android.support.design.R$layout:
    794:794:public R$layout()
android.support.design.R$string
android.support.design.R$style:
    885:885:public R$style()
android.support.design.R$styleable:
    1244:1244:public R$styleable()
android.support.design.internal.NavigationMenuItemView:
    201:201:public void setShortcut(boolean,char)
    232:232:public boolean showsIcon()
android.support.design.internal.NavigationMenuPresenter:
    private static final java.lang.String STATE_HIERARCHY
    private static final java.lang.String STATE_ADAPTER
    209:213:public void removeHeaderView(android.view.View)
android.support.design.internal.NavigationMenuPresenter$NavigationMenuAdapter:
    private static final java.lang.String STATE_CHECKED_ITEM
    private static final java.lang.String STATE_ACTION_VIEWS
    private static final int VIEW_TYPE_NORMAL
    private static final int VIEW_TYPE_SUBHEADER
    private static final int VIEW_TYPE_SEPARATOR
    private static final int VIEW_TYPE_HEADER
android.support.design.widget.AnimationUtils:
    27:46:AnimationUtils()
    39:39:static float lerp(float,float,float)